<?xml version="1.0" encoding="UTF-8"?>
<!-- Generated by org.testng.reporters.JUnitReportReporter -->
<testsuite skipped="0" hostname="DESKTOP-FLV7KC1" name="testCasesPackage.TestCases" tests="1" failures="0" timestamp="2020-06-11T04:15:22 IST" time="37.374" errors="0">
  <testcase name="AddNameToTextBox" time="37.374" classname="testCasesPackage.TestCases"/>
</testsuite> <!-- testCasesPackage.TestCases -->
