<?xml version="1.0" encoding="UTF-8"?>
<!-- Generated by org.testng.reporters.JUnitReportReporter -->
<testsuite skipped="0" hostname="DESKTOP-FLV7KC1" name="testCasesPackage.TestCases" tests="1" failures="0" timestamp="2020-06-11T08:30:03 IST" time="28.665" errors="0">
  <testcase name="AddNameToTextBox" time="28.665" classname="testCasesPackage.TestCases"/>
</testsuite> <!-- testCasesPackage.TestCases -->
