<?xml version="1.0" encoding="UTF-8"?>
<!-- Generated by org.testng.reporters.JUnitReportReporter -->
<testsuite skipped="0" hostname="DESKTOP-FLV7KC1" name="testCasesPackage.TestCases" tests="1" failures="0" timestamp="2021-02-04T22:53:43 IST" time="35.531" errors="0">
  <testcase name="AddNameToTextBox" time="35.531" classname="testCasesPackage.TestCases"/>
</testsuite> <!-- testCasesPackage.TestCases -->
